<?xml version="1.0" encoding="UTF-8"?>
<!-- Generated by org.testng.reporters.JUnitReportReporter -->
<testsuite hostname="Prakash-KT" failures="0" tests="4" name="com.ecommerce.testCases.CheckoutPageTest" time="40.921" errors="0" timestamp="2023-01-10T11:02:17 IST" skipped="0">
  <testcase classname="com.ecommerce.testCases.CheckoutPageTest" name="proceedToCheckout" time="14.143"/>
  <system-out/>
  <testcase classname="com.ecommerce.testCases.CheckoutPageTest" name="proceedToCheckout" time="13.791"/>
  <system-out/>
  <testcase classname="com.ecommerce.testCases.CheckoutPageTest" name="checkoutPageplaceOrderTest" time="7.092"/>
  <system-out/>
  <testcase classname="com.ecommerce.testCases.CheckoutPageTest" name="checkoutPageplaceOrderTest" time="5.895"/>
  <system-out/>
</testsuite> <!-- com.ecommerce.testCases.CheckoutPageTest -->
