<?xml version="1.0" encoding="UTF-8"?>
<!-- Generated by org.testng.reporters.JUnitReportReporter -->
<testsuite hostname="Prakash-KT" failures="0" tests="6" name="com.ecommerce.testCases.StorePageTest" time="29.091" errors="0" timestamp="2023-01-10T11:02:17 IST" skipped="0">
  <testcase classname="com.ecommerce.testCases.StorePageTest" name="navigateToStorePageTest" time="3.660"/>
  <system-out/>
  <testcase classname="com.ecommerce.testCases.StorePageTest" name="navigateToStorePageTest" time="3.636"/>
  <system-out/>
  <testcase classname="com.ecommerce.testCases.StorePageTest" name="searchProductTest" time="6.769"/>
  <system-out/>
  <testcase classname="com.ecommerce.testCases.StorePageTest" name="searchProductTest" time="6.971"/>
  <system-out/>
  <testcase classname="com.ecommerce.testCases.StorePageTest" name="addToCartTest" time="4.833"/>
  <system-out/>
  <testcase classname="com.ecommerce.testCases.StorePageTest" name="addToCartTest" time="3.222"/>
  <system-out/>
</testsuite> <!-- com.ecommerce.testCases.StorePageTest -->
