<?xml version="1.0" encoding="UTF-8"?>
<!-- Generated by org.testng.reporters.JUnitReportReporter -->
<testsuite hostname="Prakash-KT" failures="0" tests="1" name="com.ecommerce.dbtest.Db_Test" time="0.711" errors="0" timestamp="2023-01-05T11:43:21 IST" skipped="0">
  <testcase classname="com.ecommerce.dbtest.Db_Test" name="db" time="0.711"/>
  <system-out/>
</testsuite> <!-- com.ecommerce.dbtest.Db_Test -->
