<?xml version="1.0" encoding="UTF-8"?>
<!-- Generated by org.testng.reporters.JUnitReportReporter -->
<testsuite hostname="Prakash-KT" failures="0" tests="4" name="com.ecommerce.testCases.CartPageTest" time="27.038" errors="0" timestamp="2023-01-10T11:02:17 IST" skipped="0">
  <testcase classname="com.ecommerce.testCases.CartPageTest" name="navigateToCartPageTest" time="10.128"/>
  <system-out/>
  <testcase classname="com.ecommerce.testCases.CartPageTest" name="navigateToCartPageTest" time="10.160"/>
  <system-out/>
  <testcase classname="com.ecommerce.testCases.CartPageTest" name="applyCouponCodeTest" time="3.288"/>
  <system-out/>
  <testcase classname="com.ecommerce.testCases.CartPageTest" name="applyCouponCodeTest" time="3.462"/>
  <system-out/>
</testsuite> <!-- com.ecommerce.testCases.CartPageTest -->
