<?xml version="1.0" encoding="UTF-8"?>
<!-- Generated by org.testng.reporters.JUnitReportReporter -->
<testsuite hostname="Prakash-KT" failures="0" tests="6" name="com.ecommerce.testCases.HomeTest" time="0.265" errors="0" timestamp="2023-01-10T11:02:17 IST" skipped="0">
  <testcase classname="com.ecommerce.testCases.HomeTest" name="homePageTitleTest" time="0.021"/>
  <system-out/>
  <testcase classname="com.ecommerce.testCases.HomeTest" name="homePageTitleTest" time="0.083"/>
  <system-out/>
  <testcase classname="com.ecommerce.testCases.HomeTest" name="homePageUrlTest" time="0.013"/>
  <system-out/>
  <testcase classname="com.ecommerce.testCases.HomeTest" name="homePageUrlTest" time="0.005"/>
  <system-out/>
  <testcase classname="com.ecommerce.testCases.HomeTest" name="homePageLogoTest" time="0.073"/>
  <system-out/>
  <testcase classname="com.ecommerce.testCases.HomeTest" name="homePageLogoTest" time="0.070"/>
  <system-out/>
</testsuite> <!-- com.ecommerce.testCases.HomeTest -->
